2026-04-22T00:21:20.936+05:30  INFO 18020 --- [main] com.wmsai.WmsAiBackendApplication        : Starting WmsAiBackendApplication using Java 25.0.2 with PID 18020 (C:\Users\Saumya\Desktop\sem 4\java lab\FINAL PROJECT\backend\target\classes started by Saumya in C:\Users\Saumya\Desktop\sem 4\java lab\FINAL PROJECT\backend)
2026-04-22T00:21:20.948+05:30 DEBUG 18020 --- [main] com.wmsai.WmsAiBackendApplication        : Running with Spring Boot v3.5.13, Spring v6.2.17
2026-04-22T00:21:20.952+05:30  INFO 18020 --- [main] com.wmsai.WmsAiBackendApplication        : No active profile set, falling back to 1 default profile: "default"
2026-04-22T00:21:22.170+05:30  INFO 18020 --- [main] .s.d.r.c.RepositoryConfigurationDelegate : Bootstrapping Spring Data JPA repositories in DEFAULT mode.
2026-04-22T00:21:22.303+05:30  INFO 18020 --- [main] .s.d.r.c.RepositoryConfigurationDelegate : Finished Spring Data repository scanning in 118 ms. Found 10 JPA repository interfaces.
2026-04-22T00:21:23.290+05:30  INFO 18020 --- [main] o.s.b.w.embedded.tomcat.TomcatWebServer  : Tomcat initialized with port 8080 (http)
2026-04-22T00:21:23.315+05:30  INFO 18020 --- [main] o.apache.catalina.core.StandardService   : Starting service [Tomcat]
2026-04-22T00:21:23.317+05:30  INFO 18020 --- [main] o.apache.catalina.core.StandardEngine    : Starting Servlet engine: [Apache Tomcat/10.1.53]
2026-04-22T00:21:23.416+05:30  INFO 18020 --- [main] o.a.c.c.C.[Tomcat].[localhost].[/]       : Initializing Spring embedded WebApplicationContext
2026-04-22T00:21:23.416+05:30  INFO 18020 --- [main] w.s.c.ServletWebServerApplicationContext : Root WebApplicationContext: initialization completed in 2372 ms
2026-04-22T00:21:23.577+05:30  INFO 18020 --- [main] o.hibernate.jpa.internal.util.LogHelper  : HHH000204: Processing PersistenceUnitInfo [name: default]
2026-04-22T00:21:23.658+05:30  INFO 18020 --- [main] org.hibernate.Version                    : HHH000412: Hibernate ORM core version 6.6.45.Final
2026-04-22T00:21:23.705+05:30  INFO 18020 --- [main] o.h.c.internal.RegionFactoryInitiator    : HHH000026: Second-level cache disabled
2026-04-22T00:21:24.090+05:30  INFO 18020 --- [main] o.s.o.j.p.SpringPersistenceUnitInfo      : No LoadTimeWeaver setup: ignoring JPA class transformer
2026-04-22T00:21:24.131+05:30  INFO 18020 --- [main] com.zaxxer.hikari.HikariDataSource       : HikariPool-1 - Starting...
2026-04-22T00:21:24.460+05:30  INFO 18020 --- [main] com.zaxxer.hikari.pool.HikariPool        : HikariPool-1 - Added connection conn0: url=jdbc:h2:file:./wms-data/wmsdb user=SA
2026-04-22T00:21:24.462+05:30  INFO 18020 --- [main] com.zaxxer.hikari.HikariDataSource       : HikariPool-1 - Start completed.
2026-04-22T00:21:24.506+05:30  WARN 18020 --- [main] org.hibernate.orm.deprecation            : HHH90000025: H2Dialect does not need to be specified explicitly using 'hibernate.dialect' (remove the property setting and it will be selected by default)
2026-04-22T00:21:24.534+05:30  INFO 18020 --- [main] org.hibernate.orm.connections.pooling    : HHH10001005: Database info:
	Database JDBC URL [Connecting through datasource 'HikariDataSource (HikariPool-1)']
	Database driver: undefined/unknown
	Database version: 2.3.232
	Autocommit mode: undefined/unknown
	Isolation level: undefined/unknown
	Minimum pool size: undefined/unknown
	Maximum pool size: undefined/unknown
2026-04-22T00:21:25.786+05:30  INFO 18020 --- [main] o.h.e.t.j.p.i.JtaPlatformInitiator       : HHH000489: No JTA platform available (set 'hibernate.transaction.jta.platform' to enable JTA platform integration)
2026-04-22T00:21:25.869+05:30  INFO 18020 --- [main] j.LocalContainerEntityManagerFactoryBean : Initialized JPA EntityManagerFactory for persistence unit 'default'
2026-04-22T00:21:26.285+05:30 DEBUG 18020 --- [main] com.wmsai.security.JwtFilter             : Filter 'jwtFilter' configured for use
2026-04-22T00:21:26.348+05:30  INFO 18020 --- [main] o.s.d.j.r.query.QueryEnhancerFactory     : Hibernate is in classpath; If applicable, HQL parser will be used.
2026-04-22T00:21:27.468+05:30  INFO 18020 --- [main] r$InitializeUserDetailsManagerConfigurer : Global AuthenticationManager configured with UserDetailsService bean with name customUserDetailsService
2026-04-22T00:21:28.211+05:30  INFO 18020 --- [main] o.s.b.a.h2.H2ConsoleAutoConfiguration    : H2 console available at '/h2-console'. Database available at 'jdbc:h2:file:./wms-data/wmsdb'
2026-04-22T00:21:28.317+05:30  INFO 18020 --- [main] o.s.b.w.embedded.tomcat.TomcatWebServer  : Tomcat started on port 8080 (http) with context path '/'
2026-04-22T00:21:28.328+05:30  INFO 18020 --- [main] com.wmsai.WmsAiBackendApplication        : Started WmsAiBackendApplication in 8.26 seconds (process running for 8.804)
2026-04-22T00:21:28.451+05:30  INFO 18020 --- [main] com.wmsai.config.DataInitializer         : ✅ Seeded 10 categories
2026-04-22T00:21:28.451+05:30  INFO 18020 --- [main] com.wmsai.DemoRunner                     : ===========================================
2026-04-22T00:21:28.451+05:30  INFO 18020 --- [main] com.wmsai.DemoRunner                     : 🚀 STARTING OOPJ UTILITIES VERIFICATION 🚀
2026-04-22T00:21:28.451+05:30  INFO 18020 --- [main] com.wmsai.DemoRunner                     : ===========================================
2026-04-22T00:21:28.452+05:30  INFO 18020 --- [main] com.wmsai.DemoRunner                     : [OOPJ-1] Array insertion sorted: [1, 3, 4, 5, 7, 9]
2026-04-22T00:21:28.452+05:30  INFO 18020 --- [main] com.wmsai.DemoRunner                     : [OOPJ-2] Matrix multiplication completed successfully.
2026-04-22T00:21:28.453+05:30  INFO 18020 --- [main] com.wmsai.DemoRunner                     : [OOPJ-3] static sumWithParams(10, 20) = 30
2026-04-22T00:21:28.453+05:30  INFO 18020 --- [main] com.wmsai.DemoRunner                     : [OOPJ-4] instance sumWithoutParams() = 40
2026-04-22T00:21:28.454+05:30  INFO 18020 --- [main] com.wmsai.DemoRunner                     : [OOPJ-5/8] Factorial iterative (5): 120
2026-04-22T00:21:28.454+05:30  INFO 18020 --- [main] com.wmsai.DemoRunner                     : [OOPJ-5/8] Factorial recursive (5): 120
2026-04-22T00:21:28.454+05:30  INFO 18020 --- [main] com.wmsai.DemoRunner                     : [OOPJ-6] Sales average (double[]): 175.0
2026-04-22T00:21:28.456+05:30  INFO 18020 --- [main] com.wmsai.DemoRunner                     : [OOPJ-9] Area Overloading (Circle r=5): 78.53981633974483
2026-04-22T00:21:28.456+05:30  INFO 18020 --- [main] com.wmsai.DemoRunner                     : [OOPJ-9] Area Overloading (Rectangle 5x10): 50.0
2026-04-22T00:21:28.456+05:30  INFO 18020 --- [main] com.wmsai.DemoRunner                     : [OOPJ-10] String length (normal): 6
2026-04-22T00:21:28.456+05:30  INFO 18020 --- [main] com.wmsai.DemoRunner                     : [OOPJ-10] String length (char array): 6
2026-04-22T00:21:28.457+05:30  INFO 18020 --- [main] com.wmsai.DemoRunner                     : [OOPJ-11/12] WarehouseZone copy constructor Volume: 1000.0
2026-04-22T00:21:28.458+05:30  INFO 18020 --- [main] com.wmsai.DemoRunner                     : [OOPJ-13] Vowels: 5, Consonants: 11
2026-04-22T00:21:28.458+05:30  INFO 18020 --- [main] com.wmsai.DemoRunner                     : [OOPJ-14] Capital-start words: 3
2026-04-22T00:21:28.459+05:30  INFO 18020 --- [main] com.wmsai.DemoRunner                     : [OOPJ-15] Static ProductCounter: 1
2026-04-22T00:21:28.460+05:30  INFO 18020 --- [main] com.wmsai.DemoRunner                     : [OOPJ-16] InventoryItem this() chaining -> LAPTOP
2026-04-22T00:21:28.460+05:30  INFO 18020 --- [main] com.wmsai.DemoRunner                     : [OOPJ-17] SKUValidator isPalindrome('RADAR'): true
2026-04-22T00:21:28.461+05:30  INFO 18020 --- [main] com.wmsai.DemoRunner                     : [OOPJ-16ext] VowelTracker running totals: {a=4, e=5, i=2, o=1, u=1, grandTotal=13, sentencesProcessed=1}
2026-04-22T00:21:28.462+05:30  INFO 18020 --- [main] com.wmsai.DemoRunner                     : [OOPJ-26] BarcodeUtils bin2Dec('1101'): 13
2026-04-22T00:21:28.462+05:30  INFO 18020 --- [main] com.wmsai.DemoRunner                     : [OOPJ-26] BarcodeUtils dec2Bin(13): 1101
2026-04-22T00:21:28.463+05:30  INFO 18020 --- [main] com.wmsai.DemoRunner                     : [OOPJ-26] NumberFormatException caught: Invalid binary character '2' in string: 12AB
2026-04-22T00:21:28.464+05:30  INFO 18020 --- [main] com.wmsai.DemoRunner                     : [OOPJ-27] RecursiveUtils findSmallest: 3
2026-04-22T00:21:28.464+05:30  INFO 18020 --- [main] com.wmsai.DemoRunner                     : [OOPJ-27] RecursiveUtils findLargest: 99
2026-04-22T00:21:28.466+05:30  INFO 18020 --- [main] com.wmsai.DemoRunner                     : [OOPJ-27ext] InventoryLogWriter wrote 150 random ints, smallest = 10
2026-04-22T00:21:28.468+05:30  INFO 18020 --- [main] com.wmsai.DemoRunner                     : [OOPJ-29] TagDeduplicator deduplicated & sorted descending: [elderberry, date, cherry, banana, apple]
2026-04-22T00:21:28.469+05:30  INFO 18020 --- [main] com.wmsai.DemoRunner                     : ===========================================
2026-04-22T00:21:28.469+05:30  INFO 18020 --- [main] com.wmsai.DemoRunner                     : ✅ ALL OOPJ DEMOS COMPLETED SUCCESSFULLY ✅
2026-04-22T00:21:28.469+05:30  INFO 18020 --- [main] com.wmsai.DemoRunner                     : ===========================================
2026-04-22T00:35:05.266+05:30  INFO 18020 --- [http-nio-8080-exec-1] o.a.c.c.C.[Tomcat].[localhost].[/]       : Initializing Spring DispatcherServlet 'dispatcherServlet'
2026-04-22T00:35:05.266+05:30  INFO 18020 --- [http-nio-8080-exec-1] o.s.web.servlet.DispatcherServlet        : Initializing Servlet 'dispatcherServlet'
2026-04-22T00:35:05.270+05:30  INFO 18020 --- [http-nio-8080-exec-1] o.s.web.servlet.DispatcherServlet        : Completed initialization in 2 ms
2026-04-22T00:40:24.973+05:30  INFO 18020 --- [http-nio-8080-exec-4] c.wmsai.service.AIRecommendationService  : 🤖 AI fallback used for restock (no API key)
2026-04-22T00:40:25.102+05:30  INFO 18020 --- [http-nio-8080-exec-9] c.wmsai.service.AIRecommendationService  : 🤖 AI fallback used for bundle (no API key)
2026-04-22T00:40:25.169+05:30  INFO 18020 --- [http-nio-8080-exec-10] c.wmsai.service.AIRecommendationService  : 🤖 AI fallback used for forecast (no API key)
2026-04-22T01:28:09.960+05:30  INFO 27028 --- [main] com.wmsai.WmsAiBackendApplication        : Starting WmsAiBackendApplication using Java 25.0.2 with PID 27028 (C:\Users\Saumya\Desktop\sem 4\java lab\FINAL PROJECT\backend\target\classes started by Saumya in C:\Users\Saumya\Desktop\sem 4\java lab\FINAL PROJECT\backend)
2026-04-22T01:28:09.962+05:30 DEBUG 27028 --- [main] com.wmsai.WmsAiBackendApplication        : Running with Spring Boot v3.5.13, Spring v6.2.17
2026-04-22T01:28:09.963+05:30  INFO 27028 --- [main] com.wmsai.WmsAiBackendApplication        : No active profile set, falling back to 1 default profile: "default"
2026-04-22T01:28:10.825+05:30  INFO 27028 --- [main] .s.d.r.c.RepositoryConfigurationDelegate : Bootstrapping Spring Data JPA repositories in DEFAULT mode.
2026-04-22T01:28:10.927+05:30  INFO 27028 --- [main] .s.d.r.c.RepositoryConfigurationDelegate : Finished Spring Data repository scanning in 91 ms. Found 10 JPA repository interfaces.
2026-04-22T01:28:11.629+05:30  INFO 27028 --- [main] o.s.b.w.embedded.tomcat.TomcatWebServer  : Tomcat initialized with port 8080 (http)
2026-04-22T01:28:11.646+05:30  INFO 27028 --- [main] o.apache.catalina.core.StandardService   : Starting service [Tomcat]
2026-04-22T01:28:11.647+05:30  INFO 27028 --- [main] o.apache.catalina.core.StandardEngine    : Starting Servlet engine: [Apache Tomcat/10.1.53]
2026-04-22T01:28:11.734+05:30  INFO 27028 --- [main] o.a.c.c.C.[Tomcat].[localhost].[/]       : Initializing Spring embedded WebApplicationContext
2026-04-22T01:28:11.735+05:30  INFO 27028 --- [main] w.s.c.ServletWebServerApplicationContext : Root WebApplicationContext: initialization completed in 1705 ms
2026-04-22T01:28:11.933+05:30  INFO 27028 --- [main] o.hibernate.jpa.internal.util.LogHelper  : HHH000204: Processing PersistenceUnitInfo [name: default]
2026-04-22T01:28:12.006+05:30  INFO 27028 --- [main] org.hibernate.Version                    : HHH000412: Hibernate ORM core version 6.6.45.Final
2026-04-22T01:28:12.060+05:30  INFO 27028 --- [main] o.h.c.internal.RegionFactoryInitiator    : HHH000026: Second-level cache disabled
2026-04-22T01:28:12.422+05:30  INFO 27028 --- [main] o.s.o.j.p.SpringPersistenceUnitInfo      : No LoadTimeWeaver setup: ignoring JPA class transformer
2026-04-22T01:28:12.470+05:30  INFO 27028 --- [main] com.zaxxer.hikari.HikariDataSource       : HikariPool-1 - Starting...
2026-04-22T01:28:14.704+05:30  INFO 27028 --- [main] com.zaxxer.hikari.pool.HikariPool        : HikariPool-1 - Added connection org.postgresql.jdbc.PgConnection@16df9bde
2026-04-22T01:28:14.708+05:30  INFO 27028 --- [main] com.zaxxer.hikari.HikariDataSource       : HikariPool-1 - Start completed.
2026-04-22T01:28:14.863+05:30  WARN 27028 --- [main] org.hibernate.orm.deprecation            : HHH90000025: PostgreSQLDialect does not need to be specified explicitly using 'hibernate.dialect' (remove the property setting and it will be selected by default)
2026-04-22T01:28:15.205+05:30  INFO 27028 --- [main] org.hibernate.orm.connections.pooling    : HHH10001005: Database info:
	Database JDBC URL [Connecting through datasource 'HikariDataSource (HikariPool-1)']
	Database driver: undefined/unknown
	Database version: 17.8
	Autocommit mode: undefined/unknown
	Isolation level: undefined/unknown
	Minimum pool size: undefined/unknown
	Maximum pool size: undefined/unknown
2026-04-22T01:28:16.684+05:30  INFO 27028 --- [main] o.h.e.t.j.p.i.JtaPlatformInitiator       : HHH000489: No JTA platform available (set 'hibernate.transaction.jta.platform' to enable JTA platform integration)
2026-04-22T01:28:18.330+05:30  WARN 27028 --- [main] o.h.engine.jdbc.spi.SqlExceptionHelper   : SQL Warning Code: 0, SQLState: 00000
2026-04-22T01:28:18.330+05:30  WARN 27028 --- [main] o.h.engine.jdbc.spi.SqlExceptionHelper   : constraint "ukt8o6pivur7nn124jehx7cygw5" of relation "categories" does not exist, skipping
2026-04-22T01:28:18.532+05:30  WARN 27028 --- [main] o.h.engine.jdbc.spi.SqlExceptionHelper   : SQL Warning Code: 0, SQLState: 00000
2026-04-22T01:28:18.532+05:30  WARN 27028 --- [main] o.h.engine.jdbc.spi.SqlExceptionHelper   : constraint "ukfhmd06dsmj6k0n90swsh8ie9g" of relation "products" does not exist, skipping
2026-04-22T01:28:18.736+05:30  WARN 27028 --- [main] o.h.engine.jdbc.spi.SqlExceptionHelper   : SQL Warning Code: 0, SQLState: 00000
2026-04-22T01:28:18.736+05:30  WARN 27028 --- [main] o.h.engine.jdbc.spi.SqlExceptionHelper   : constraint "uk6dotkott2kjsp8vw4d0m25fb7" of relation "users" does not exist, skipping
2026-04-22T01:28:20.378+05:30  INFO 27028 --- [main] j.LocalContainerEntityManagerFactoryBean : Initialized JPA EntityManagerFactory for persistence unit 'default'
2026-04-22T01:28:20.798+05:30 DEBUG 27028 --- [main] com.wmsai.security.JwtFilter             : Filter 'jwtFilter' configured for use
2026-04-22T01:28:20.911+05:30  INFO 27028 --- [main] o.s.d.j.r.query.QueryEnhancerFactory     : Hibernate is in classpath; If applicable, HQL parser will be used.
2026-04-22T01:28:22.250+05:30  INFO 27028 --- [main] r$InitializeUserDetailsManagerConfigurer : Global AuthenticationManager configured with UserDetailsService bean with name customUserDetailsService
2026-04-22T01:28:23.096+05:30  INFO 27028 --- [main] o.s.b.w.embedded.tomcat.TomcatWebServer  : Tomcat started on port 8080 (http) with context path '/'
2026-04-22T01:28:23.110+05:30  INFO 27028 --- [main] com.wmsai.WmsAiBackendApplication        : Started WmsAiBackendApplication in 13.678 seconds (process running for 14.172)
2026-04-22T01:28:23.856+05:30  INFO 27028 --- [main] com.wmsai.config.DataInitializer         : ✅ Default admin user created: admin@wms.com / admin123
2026-04-22T01:29:59.005+05:30  INFO 30612 --- [main] com.wmsai.WmsAiBackendApplication        : Starting WmsAiBackendApplication using Java 25.0.2 with PID 30612 (C:\Users\Saumya\Desktop\sem 4\java lab\FINAL PROJECT\backend\target\classes started by Saumya in C:\Users\Saumya\Desktop\sem 4\java lab\FINAL PROJECT\backend)
2026-04-22T01:29:59.007+05:30 DEBUG 30612 --- [main] com.wmsai.WmsAiBackendApplication        : Running with Spring Boot v3.5.13, Spring v6.2.17
2026-04-22T01:29:59.008+05:30  INFO 30612 --- [main] com.wmsai.WmsAiBackendApplication        : No active profile set, falling back to 1 default profile: "default"
2026-04-22T01:29:59.829+05:30  INFO 30612 --- [main] .s.d.r.c.RepositoryConfigurationDelegate : Bootstrapping Spring Data JPA repositories in DEFAULT mode.
2026-04-22T01:29:59.928+05:30  INFO 30612 --- [main] .s.d.r.c.RepositoryConfigurationDelegate : Finished Spring Data repository scanning in 89 ms. Found 10 JPA repository interfaces.
2026-04-22T01:30:00.603+05:30  INFO 30612 --- [main] o.s.b.w.embedded.tomcat.TomcatWebServer  : Tomcat initialized with port 8080 (http)
2026-04-22T01:30:00.620+05:30  INFO 30612 --- [main] o.apache.catalina.core.StandardService   : Starting service [Tomcat]
2026-04-22T01:30:00.620+05:30  INFO 30612 --- [main] o.apache.catalina.core.StandardEngine    : Starting Servlet engine: [Apache Tomcat/10.1.53]
2026-04-22T01:30:00.712+05:30  INFO 30612 --- [main] o.a.c.c.C.[Tomcat].[localhost].[/]       : Initializing Spring embedded WebApplicationContext
2026-04-22T01:30:00.712+05:30  INFO 30612 --- [main] w.s.c.ServletWebServerApplicationContext : Root WebApplicationContext: initialization completed in 1642 ms
2026-04-22T01:30:00.879+05:30  INFO 30612 --- [main] o.hibernate.jpa.internal.util.LogHelper  : HHH000204: Processing PersistenceUnitInfo [name: default]
2026-04-22T01:30:00.941+05:30  INFO 30612 --- [main] org.hibernate.Version                    : HHH000412: Hibernate ORM core version 6.6.45.Final
2026-04-22T01:30:00.985+05:30  INFO 30612 --- [main] o.h.c.internal.RegionFactoryInitiator    : HHH000026: Second-level cache disabled
2026-04-22T01:30:01.331+05:30  INFO 30612 --- [main] o.s.o.j.p.SpringPersistenceUnitInfo      : No LoadTimeWeaver setup: ignoring JPA class transformer
2026-04-22T01:30:01.371+05:30  INFO 30612 --- [main] com.zaxxer.hikari.HikariDataSource       : HikariPool-1 - Starting...
2026-04-22T01:30:02.782+05:30  INFO 30612 --- [main] com.zaxxer.hikari.pool.HikariPool        : HikariPool-1 - Added connection org.postgresql.jdbc.PgConnection@33f349ae
2026-04-22T01:30:02.785+05:30  INFO 30612 --- [main] com.zaxxer.hikari.HikariDataSource       : HikariPool-1 - Start completed.
2026-04-22T01:30:02.924+05:30  WARN 30612 --- [main] org.hibernate.orm.deprecation            : HHH90000025: PostgreSQLDialect does not need to be specified explicitly using 'hibernate.dialect' (remove the property setting and it will be selected by default)
2026-04-22T01:30:03.301+05:30  INFO 30612 --- [main] org.hibernate.orm.connections.pooling    : HHH10001005: Database info:
	Database JDBC URL [Connecting through datasource 'HikariDataSource (HikariPool-1)']
	Database driver: undefined/unknown
	Database version: 17.8
	Autocommit mode: undefined/unknown
	Isolation level: undefined/unknown
	Minimum pool size: undefined/unknown
	Maximum pool size: undefined/unknown
2026-04-22T01:30:04.735+05:30  INFO 30612 --- [main] o.h.e.t.j.p.i.JtaPlatformInitiator       : HHH000489: No JTA platform available (set 'hibernate.transaction.jta.platform' to enable JTA platform integration)
2026-04-22T01:30:09.432+05:30  INFO 30612 --- [main] j.LocalContainerEntityManagerFactoryBean : Initialized JPA EntityManagerFactory for persistence unit 'default'
2026-04-22T01:30:09.882+05:30 DEBUG 30612 --- [main] com.wmsai.security.JwtFilter             : Filter 'jwtFilter' configured for use
2026-04-22T01:30:09.999+05:30  INFO 30612 --- [main] o.s.d.j.r.query.QueryEnhancerFactory     : Hibernate is in classpath; If applicable, HQL parser will be used.
2026-04-22T01:30:11.365+05:30  INFO 30612 --- [main] r$InitializeUserDetailsManagerConfigurer : Global AuthenticationManager configured with UserDetailsService bean with name customUserDetailsService
2026-04-22T01:30:12.351+05:30  WARN 30612 --- [main] ConfigServletWebServerApplicationContext : Exception encountered during context initialization - cancelling refresh attempt: org.springframework.context.ApplicationContextException: Failed to start bean 'webServerStartStop'
2026-04-22T01:30:12.355+05:30  INFO 30612 --- [main] j.LocalContainerEntityManagerFactoryBean : Closing JPA EntityManagerFactory for persistence unit 'default'
2026-04-22T01:30:12.358+05:30  INFO 30612 --- [main] com.zaxxer.hikari.HikariDataSource       : HikariPool-1 - Shutdown initiated...
2026-04-22T01:30:13.424+05:30  INFO 30612 --- [main] com.zaxxer.hikari.HikariDataSource       : HikariPool-1 - Shutdown completed.
2026-04-22T01:30:13.462+05:30  INFO 30612 --- [main] .s.b.a.l.ConditionEvaluationReportLogger : 

Error starting ApplicationContext. To display the condition evaluation report re-run your application with 'debug' enabled.
2026-04-22T01:30:13.496+05:30 ERROR 30612 --- [main] o.s.b.d.LoggingFailureAnalysisReporter   : 

***************************
APPLICATION FAILED TO START
***************************

Description:

Web server failed to start. Port 8080 was already in use.

Action:

Identify and stop the process that's listening on port 8080 or configure this application to listen on another port.

2026-04-22T01:31:10.138+05:30  INFO 17852 --- [main] com.wmsai.WmsAiBackendApplication        : Starting WmsAiBackendApplication using Java 25.0.2 with PID 17852 (C:\Users\Saumya\Desktop\sem 4\java lab\FINAL PROJECT\backend\target\classes started by Saumya in C:\Users\Saumya\Desktop\sem 4\java lab\FINAL PROJECT\backend)
2026-04-22T01:31:10.141+05:30 DEBUG 17852 --- [main] com.wmsai.WmsAiBackendApplication        : Running with Spring Boot v3.5.13, Spring v6.2.17
2026-04-22T01:31:10.141+05:30  INFO 17852 --- [main] com.wmsai.WmsAiBackendApplication        : No active profile set, falling back to 1 default profile: "default"
2026-04-22T01:31:11.006+05:30  INFO 17852 --- [main] .s.d.r.c.RepositoryConfigurationDelegate : Bootstrapping Spring Data JPA repositories in DEFAULT mode.
2026-04-22T01:31:11.103+05:30  INFO 17852 --- [main] .s.d.r.c.RepositoryConfigurationDelegate : Finished Spring Data repository scanning in 86 ms. Found 10 JPA repository interfaces.
2026-04-22T01:31:11.774+05:30  INFO 17852 --- [main] o.s.b.w.embedded.tomcat.TomcatWebServer  : Tomcat initialized with port 8080 (http)
2026-04-22T01:31:11.794+05:30  INFO 17852 --- [main] o.apache.catalina.core.StandardService   : Starting service [Tomcat]
2026-04-22T01:31:11.795+05:30  INFO 17852 --- [main] o.apache.catalina.core.StandardEngine    : Starting Servlet engine: [Apache Tomcat/10.1.53]
2026-04-22T01:31:11.875+05:30  INFO 17852 --- [main] o.a.c.c.C.[Tomcat].[localhost].[/]       : Initializing Spring embedded WebApplicationContext
2026-04-22T01:31:11.876+05:30  INFO 17852 --- [main] w.s.c.ServletWebServerApplicationContext : Root WebApplicationContext: initialization completed in 1667 ms
2026-04-22T01:31:12.052+05:30  INFO 17852 --- [main] o.hibernate.jpa.internal.util.LogHelper  : HHH000204: Processing PersistenceUnitInfo [name: default]
2026-04-22T01:31:12.217+05:30  INFO 17852 --- [main] org.hibernate.Version                    : HHH000412: Hibernate ORM core version 6.6.45.Final
2026-04-22T01:31:12.290+05:30  INFO 17852 --- [main] o.h.c.internal.RegionFactoryInitiator    : HHH000026: Second-level cache disabled
2026-04-22T01:31:12.633+05:30  INFO 17852 --- [main] o.s.o.j.p.SpringPersistenceUnitInfo      : No LoadTimeWeaver setup: ignoring JPA class transformer
2026-04-22T01:31:12.666+05:30  INFO 17852 --- [main] com.zaxxer.hikari.HikariDataSource       : HikariPool-1 - Starting...
2026-04-22T01:31:14.153+05:30  INFO 17852 --- [main] com.zaxxer.hikari.pool.HikariPool        : HikariPool-1 - Added connection org.postgresql.jdbc.PgConnection@40a8a26f
2026-04-22T01:31:14.155+05:30  INFO 17852 --- [main] com.zaxxer.hikari.HikariDataSource       : HikariPool-1 - Start completed.
2026-04-22T01:31:14.291+05:30  WARN 17852 --- [main] org.hibernate.orm.deprecation            : HHH90000025: PostgreSQLDialect does not need to be specified explicitly using 'hibernate.dialect' (remove the property setting and it will be selected by default)
2026-04-22T01:31:14.670+05:30  INFO 17852 --- [main] org.hibernate.orm.connections.pooling    : HHH10001005: Database info:
	Database JDBC URL [Connecting through datasource 'HikariDataSource (HikariPool-1)']
	Database driver: undefined/unknown
	Database version: 17.8
	Autocommit mode: undefined/unknown
	Isolation level: undefined/unknown
	Minimum pool size: undefined/unknown
	Maximum pool size: undefined/unknown
2026-04-22T01:31:15.970+05:30  INFO 17852 --- [main] o.h.e.t.j.p.i.JtaPlatformInitiator       : HHH000489: No JTA platform available (set 'hibernate.transaction.jta.platform' to enable JTA platform integration)
2026-04-22T01:31:20.660+05:30  INFO 17852 --- [main] j.LocalContainerEntityManagerFactoryBean : Initialized JPA EntityManagerFactory for persistence unit 'default'
2026-04-22T01:31:21.143+05:30 DEBUG 17852 --- [main] com.wmsai.security.JwtFilter             : Filter 'jwtFilter' configured for use
2026-04-22T01:31:21.238+05:30  INFO 17852 --- [main] o.s.d.j.r.query.QueryEnhancerFactory     : Hibernate is in classpath; If applicable, HQL parser will be used.
2026-04-22T01:31:22.808+05:30  INFO 17852 --- [main] r$InitializeUserDetailsManagerConfigurer : Global AuthenticationManager configured with UserDetailsService bean with name customUserDetailsService
2026-04-22T01:31:23.799+05:30  INFO 17852 --- [main] o.s.b.w.embedded.tomcat.TomcatWebServer  : Tomcat started on port 8080 (http) with context path '/'
2026-04-22T01:31:23.815+05:30  INFO 17852 --- [main] com.wmsai.WmsAiBackendApplication        : Started WmsAiBackendApplication in 14.209 seconds (process running for 14.616)
2026-04-22T01:32:53.765+05:30  INFO 17852 --- [http-nio-8080-exec-1] o.a.c.c.C.[Tomcat].[localhost].[/]       : Initializing Spring DispatcherServlet 'dispatcherServlet'
2026-04-22T01:32:53.766+05:30  INFO 17852 --- [http-nio-8080-exec-1] o.s.web.servlet.DispatcherServlet        : Initializing Servlet 'dispatcherServlet'
2026-04-22T01:32:53.767+05:30  INFO 17852 --- [http-nio-8080-exec-1] o.s.web.servlet.DispatcherServlet        : Completed initialization in 1 ms
2026-04-22T02:00:00.366+05:30  INFO 17852 --- [scheduling-1] com.wmsai.config.BackupScheduler         : ✅ Daily inventory backup created: .\wms-data\backup\inventory_2026-04-22.txt
